# JRE version: OpenJDK Runtime Environment (7.0_85-b01) (build 1.7.0_85-b01)
# Java VM: OpenJDK 64-Bit Server VM (24.85-b03 mixed mode linux-amd64 compressed oops)
Heap
 PSYoungGen      total 244224K, used 199415K [0x00000000ef880000, 0x0000000100000000, 0x0000000100000000)
  eden space 225280K, 83% used [0x00000000ef880000,0x00000000faff4098,0x00000000fd480000)
  from space 18944K, 61% used [0x00000000fd480000,0x00000000fdfc9eb0,0x00000000fe700000)
  to   space 18944K, 0% used [0x00000000fed80000,0x00000000fed80000,0x0000000100000000)
 ParOldGen       total 83456K, used 57820K [0x00000000cea00000, 0x00000000d3b80000, 0x00000000ef880000)
  object space 83456K, 69% used [0x00000000cea00000,0x00000000d2277220,0x00000000d3b80000)
 PSPermGen       total 113664K, used 74000K [0x00000000b6a00000, 0x00000000bd900000, 0x00000000cea00000)
  object space 113664K, 65% used [0x00000000b6a00000,0x00000000bb244088,0x00000000bd900000)
GC Heap History (10 events):
Event: 12.365 GC heap before
{Heap before GC invocations=11 (full 1):
 PSYoungGen      total 153088K, used 153040K [0x00000000ef880000, 0x00000000ff880000, 0x0000000100000000)
  eden space 146432K, 100% used [0x00000000ef880000,0x00000000f8780000,0x00000000f8780000)
  from space 6656K, 99% used [0x00000000f8780000,0x00000000f8df4390,0x00000000f8e00000)
  to   space 13824K, 0% used [0x00000000feb00000,0x00000000feb00000,0x00000000ff880000)
 ParOldGen       total 50176K, used 26199K [0x00000000cea00000, 0x00000000d1b00000, 0x00000000ef880000)
  object space 50176K, 52% used [0x00000000cea00000,0x00000000d0395f70,0x00000000d1b00000)
 PSPermGen       total 93184K, used 53999K [0x00000000b6a00000, 0x00000000bc500000, 0x00000000cea00000)
  object space 93184K, 57% used [0x00000000b6a00000,0x00000000b9ebbf20,0x00000000bc500000)
Event: 12.404 GC heap after
Heap after GC invocations=11 (full 1):
 PSYoungGen      total 190464K, used 13795K [0x00000000ef880000, 0x00000000ff880000, 0x0000000100000000)
  eden space 176640K, 0% used [0x00000000ef880000,0x00000000ef880000,0x00000000fa500000)
  from space 13824K, 99% used [0x00000000feb00000,0x00000000ff878fe8,0x00000000ff880000)
  to   space 16384K, 0% used [0x00000000fd880000,0x00000000fd880000,0x00000000fe880000)
 ParOldGen       total 50176K, used 27339K [0x00000000cea00000, 0x00000000d1b00000, 0x00000000ef880000)
  object space 50176K, 54% used [0x00000000cea00000,0x00000000d04b2fe8,0x00000000d1b00000)
 PSPermGen       total 93184K, used 53999K [0x00000000b6a00000, 0x00000000bc500000, 0x00000000cea00000)
  object space 93184K, 57% used [0x00000000b6a00000,0x00000000b9ebbf20,0x00000000bc500000)
}
Event: 15.533 GC heap before
{Heap before GC invocations=12 (full 1):
 PSYoungGen      total 190464K, used 190435K [0x00000000ef880000, 0x00000000ff880000, 0x0000000100000000)
  eden space 176640K, 100% used [0x00000000ef880000,0x00000000fa500000,0x00000000fa500000)
  from space 13824K, 99% used [0x00000000feb00000,0x00000000ff878fe8,0x00000000ff880000)
  to   space 16384K, 0% used [0x00000000fd880000,0x00000000fd880000,0x00000000fe880000)
 ParOldGen       total 50176K, used 27339K [0x00000000cea00000, 0x00000000d1b00000, 0x00000000ef880000)
  object space 50176K, 54% used [0x00000000cea00000,0x00000000d04b2fe8,0x00000000d1b00000)
 PSPermGen       total 93184K, used 58158K [0x00000000b6a00000, 0x00000000bc500000, 0x00000000cea00000)
  object space 93184K, 62% used [0x00000000b6a00000,0x00000000ba2cbae8,0x00000000bc500000)
Event: 15.564 GC heap after
Heap after GC invocations=12 (full 1):
 PSYoungGen      total 225280K, used 14476K [0x00000000ef880000, 0x00000000feb80000, 0x0000000100000000)
  eden space 210432K, 0% used [0x00000000ef880000,0x00000000ef880000,0x00000000fc600000)
  from space 14848K, 97% used [0x00000000fd880000,0x00000000fe6a33a0,0x00000000fe700000)
  to   space 4608K, 0% used [0x00000000fe700000,0x00000000fe700000,0x00000000feb80000)
 ParOldGen       total 50176K, used 40496K [0x00000000cea00000, 0x00000000d1b00000, 0x00000000ef880000)
  object space 50176K, 80% used [0x00000000cea00000,0x00000000d118c100,0x00000000d1b00000)
 PSPermGen       total 93184K, used 58158K [0x00000000b6a00000, 0x00000000bc500000, 0x00000000cea00000)
  object space 93184K, 62% used [0x00000000b6a00000,0x00000000ba2cbae8,0x00000000bc500000)
}
Event: 15.564 GC heap before
{Heap before GC invocations=13 (full 2):
 PSYoungGen      total 225280K, used 14476K [0x00000000ef880000, 0x00000000feb80000, 0x0000000100000000)
  eden space 210432K, 0% used [0x00000000ef880000,0x00000000ef880000,0x00000000fc600000)
  from space 14848K, 97% used [0x00000000fd880000,0x00000000fe6a33a0,0x00000000fe700000)
  to   space 4608K, 0% used [0x00000000fe700000,0x00000000fe700000,0x00000000feb80000)
 ParOldGen       total 50176K, used 40496K [0x00000000cea00000, 0x00000000d1b00000, 0x00000000ef880000)
  object space 50176K, 80% used [0x00000000cea00000,0x00000000d118c100,0x00000000d1b00000)
 PSPermGen       total 93184K, used 58158K [0x00000000b6a00000, 0x00000000bc500000, 0x00000000cea00000)
  object space 93184K, 62% used [0x00000000b6a00000,0x00000000ba2cbae8,0x00000000bc500000)
Event: 15.806 GC heap after
Heap after GC invocations=13 (full 2):
 PSYoungGen      total 225280K, used 0K [0x00000000ef880000, 0x00000000feb80000, 0x0000000100000000)
  eden space 210432K, 0% used [0x00000000ef880000,0x00000000ef880000,0x00000000fc600000)
  from space 14848K, 0% used [0x00000000fd880000,0x00000000fd880000,0x00000000fe700000)
  to   space 4608K, 0% used [0x00000000fe700000,0x00000000fe700000,0x00000000feb80000)
 ParOldGen       total 83456K, used 45028K [0x00000000cea00000, 0x00000000d3b80000, 0x00000000ef880000)
  object space 83456K, 53% used [0x00000000cea00000,0x00000000d15f9288,0x00000000d3b80000)
 PSPermGen       total 113664K, used 58147K [0x00000000b6a00000, 0x00000000bd900000, 0x00000000cea00000)
  object space 113664K, 51% used [0x00000000b6a00000,0x00000000ba2c8ff8,0x00000000bd900000)
}
Event: 52.995 GC heap before
{Heap before GC invocations=14 (full 2):
 PSYoungGen      total 225280K, used 210432K [0x00000000ef880000, 0x00000000feb80000, 0x0000000100000000)
  eden space 210432K, 100% used [0x00000000ef880000,0x00000000fc600000,0x00000000fc600000)
  from space 14848K, 0% used [0x00000000fd880000,0x00000000fd880000,0x00000000fe700000)
  to   space 4608K, 0% used [0x00000000fe700000,0x00000000fe700000,0x00000000feb80000)
 ParOldGen       total 83456K, used 45028K [0x00000000cea00000, 0x00000000d3b80000, 0x00000000ef880000)
  object space 83456K, 53% used [0x00000000cea00000,0x00000000d15f9288,0x00000000d3b80000)
 PSPermGen       total 113664K, used 67530K [0x00000000b6a00000, 0x00000000bd900000, 0x00000000cea00000)
  object space 113664K, 59% used [0x00000000b6a00000,0x00000000babf28a8,0x00000000bd900000)
Event: 53.019 GC heap after
Heap after GC invocations=14 (full 2):
 PSYoungGen      total 229888K, used 4590K [0x00000000ef880000, 0x0000000100000000, 0x0000000100000000)
  eden space 225280K, 0% used [0x00000000ef880000,0x00000000ef880000,0x00000000fd480000)
  from space 4608K, 99% used [0x00000000fe700000,0x00000000feb7bb60,0x00000000feb80000)
  to   space 18944K, 0% used [0x00000000fd480000,0x00000000fd480000,0x00000000fe700000)
 ParOldGen       total 83456K, used 53410K [0x00000000cea00000, 0x00000000d3b80000, 0x00000000ef880000)
  object space 83456K, 63% used [0x00000000cea00000,0x00000000d1e28948,0x00000000d3b80000)
 PSPermGen       total 113664K, used 67530K [0x00000000b6a00000, 0x00000000bd900000, 0x00000000cea00000)
  object space 113664K, 59% used [0x00000000b6a00000,0x00000000babf28a8,0x00000000bd900000)
}
Event: 54.458 GC heap before
{Heap before GC invocations=15 (full 2):
 PSYoungGen      total 229888K, used 229870K [0x00000000ef880000, 0x0000000100000000, 0x0000000100000000)
  eden space 225280K, 100% used [0x00000000ef880000,0x00000000fd480000,0x00000000fd480000)
  from space 4608K, 99% used [0x00000000fe700000,0x00000000feb7bb60,0x00000000feb80000)
  to   space 18944K, 0% used [0x00000000fd480000,0x00000000fd480000,0x00000000fe700000)
 ParOldGen       total 83456K, used 53410K [0x00000000cea00000, 0x00000000d3b80000, 0x00000000ef880000)
  object space 83456K, 63% used [0x00000000cea00000,0x00000000d1e28948,0x00000000d3b80000)
 PSPermGen       total 113664K, used 69865K [0x00000000b6a00000, 0x00000000bd900000, 0x00000000cea00000)
  object space 113664K, 61% used [0x00000000b6a00000,0x00000000bae3a640,0x00000000bd900000)
Event: 54.487 GC heap after
Heap after GC invocations=15 (full 2):
 PSYoungGen      total 244224K, used 11559K [0x00000000ef880000, 0x0000000100000000, 0x0000000100000000)
  eden space 225280K, 0% used [0x00000000ef880000,0x00000000ef880000,0x00000000fd480000)
  from space 18944K, 61% used [0x00000000fd480000,0x00000000fdfc9eb0,0x00000000fe700000)
  to   space 18944K, 0% used [0x00000000fed80000,0x00000000fed80000,0x0000000100000000)
 ParOldGen       total 83456K, used 57820K [0x00000000cea00000, 0x00000000d3b80000, 0x00000000ef880000)
  object space 83456K, 69% used [0x00000000cea00000,0x00000000d2277220,0x00000000d3b80000)
 PSPermGen       total 113664K, used 69865K [0x00000000b6a00000, 0x00000000bd900000, 0x00000000cea00000)
  object space 113664K, 61% used [0x00000000b6a00000,0x00000000bae3a640,0x00000000bd900000)
}

