# JRE version: OpenJDK Runtime Environment (7.0_85-b01) (build 1.7.0_85-b01)
# Java VM: OpenJDK 64-Bit Server VM (24.85-b03 mixed mode linux-amd64 compressed oops)
Heap
 PSYoungGen      total 56320K, used 3699K [0x00000000ef880000, 0x00000000f3580000, 0x0000000100000000)
  eden space 51200K, 5% used [0x00000000ef880000,0x00000000efb31220,0x00000000f2a80000)
  from space 5120K, 18% used [0x00000000f3080000,0x00000000f316bd50,0x00000000f3580000)
  to   space 5632K, 0% used [0x00000000f2a80000,0x00000000f2a80000,0x00000000f3000000)
 ParOldGen       total 38400K, used 29633K [0x00000000cea00000, 0x00000000d0f80000, 0x00000000ef880000)
  object space 38400K, 77% used [0x00000000cea00000,0x00000000d06f0698,0x00000000d0f80000)
 PSPermGen       total 40448K, used 22968K [0x00000000b6a00000, 0x00000000b9180000, 0x00000000cea00000)
  object space 40448K, 56% used [0x00000000b6a00000,0x00000000b806e308,0x00000000b9180000)
GC Heap History (10 events):
Event: 17.523 GC heap before
{Heap before GC invocations=25 (full 1):
 PSYoungGen      total 29696K, used 27929K [0x00000000ef880000, 0x00000000f2a00000, 0x0000000100000000)
  eden space 26624K, 100% used [0x00000000ef880000,0x00000000f1280000,0x00000000f1280000)
  from space 3072K, 42% used [0x00000000f1280000,0x00000000f13c67a0,0x00000000f1580000)
  to   space 6656K, 0% used [0x00000000f2380000,0x00000000f2380000,0x00000000f2a00000)
 ParOldGen       total 38400K, used 21849K [0x00000000cea00000, 0x00000000d0f80000, 0x00000000ef880000)
  object space 38400K, 56% used [0x00000000cea00000,0x00000000cff56420,0x00000000d0f80000)
 PSPermGen       total 40448K, used 20110K [0x00000000b6a00000, 0x00000000b9180000, 0x00000000cea00000)
  object space 40448K, 49% used [0x00000000b6a00000,0x00000000b7da3818,0x00000000b9180000)
Event: 17.540 GC heap after
Heap after GC invocations=25 (full 1):
 PSYoungGen      total 38400K, used 3616K [0x00000000ef880000, 0x00000000f2780000, 0x0000000100000000)
  eden space 34304K, 0% used [0x00000000ef880000,0x00000000ef880000,0x00000000f1a00000)
  from space 4096K, 88% used [0x00000000f2380000,0x00000000f2708020,0x00000000f2780000)
  to   space 6656K, 0% used [0x00000000f1a80000,0x00000000f1a80000,0x00000000f2100000)
 ParOldGen       total 38400K, used 22848K [0x00000000cea00000, 0x00000000d0f80000, 0x00000000ef880000)
  object space 38400K, 59% used [0x00000000cea00000,0x00000000d00500b0,0x00000000d0f80000)
 PSPermGen       total 40448K, used 20110K [0x00000000b6a00000, 0x00000000b9180000, 0x00000000cea00000)
  object space 40448K, 49% used [0x00000000b6a00000,0x00000000b7da3818,0x00000000b9180000)
}
Event: 17.747 GC heap before
{Heap before GC invocations=26 (full 1):
 PSYoungGen      total 38400K, used 37292K [0x00000000ef880000, 0x00000000f2780000, 0x0000000100000000)
  eden space 34304K, 98% used [0x00000000ef880000,0x00000000f19630b0,0x00000000f1a00000)
  from space 4096K, 88% used [0x00000000f2380000,0x00000000f2708020,0x00000000f2780000)
  to   space 6656K, 0% used [0x00000000f1a80000,0x00000000f1a80000,0x00000000f2100000)
 ParOldGen       total 38400K, used 22848K [0x00000000cea00000, 0x00000000d0f80000, 0x00000000ef880000)
  object space 38400K, 59% used [0x00000000cea00000,0x00000000d00500b0,0x00000000d0f80000)
 PSPermGen       total 40448K, used 20124K [0x00000000b6a00000, 0x00000000b9180000, 0x00000000cea00000)
  object space 40448K, 49% used [0x00000000b6a00000,0x00000000b7da7120,0x00000000b9180000)
Event: 17.755 GC heap after
Heap after GC invocations=26 (full 1):
 PSYoungGen      total 41472K, used 2267K [0x00000000ef880000, 0x00000000f2e00000, 0x0000000100000000)
  eden space 34816K, 0% used [0x00000000ef880000,0x00000000ef880000,0x00000000f1a80000)
  from space 6656K, 34% used [0x00000000f1a80000,0x00000000f1cb6ca0,0x00000000f2100000)
  to   space 6144K, 0% used [0x00000000f2800000,0x00000000f2800000,0x00000000f2e00000)
 ParOldGen       total 38400K, used 26408K [0x00000000cea00000, 0x00000000d0f80000, 0x00000000ef880000)
  object space 38400K, 68% used [0x00000000cea00000,0x00000000d03ca0d0,0x00000000d0f80000)
 PSPermGen       total 40448K, used 20124K [0x00000000b6a00000, 0x00000000b9180000, 0x00000000cea00000)
  object space 40448K, 49% used [0x00000000b6a00000,0x00000000b7da7120,0x00000000b9180000)
}
Event: 17.832 GC heap before
{Heap before GC invocations=27 (full 1):
 PSYoungGen      total 41472K, used 37083K [0x00000000ef880000, 0x00000000f2e00000, 0x0000000100000000)
  eden space 34816K, 100% used [0x00000000ef880000,0x00000000f1a80000,0x00000000f1a80000)
  from space 6656K, 34% used [0x00000000f1a80000,0x00000000f1cb6ca0,0x00000000f2100000)
  to   space 6144K, 0% used [0x00000000f2800000,0x00000000f2800000,0x00000000f2e00000)
 ParOldGen       total 38400K, used 26408K [0x00000000cea00000, 0x00000000d0f80000, 0x00000000ef880000)
  object space 38400K, 68% used [0x00000000cea00000,0x00000000d03ca0d0,0x00000000d0f80000)
 PSPermGen       total 40448K, used 20132K [0x00000000b6a00000, 0x00000000b9180000, 0x00000000cea00000)
  object space 40448K, 49% used [0x00000000b6a00000,0x00000000b7da91d8,0x00000000b9180000)
Event: 17.835 GC heap after
Heap after GC invocations=27 (full 1):
 PSYoungGen      total 48640K, used 1174K [0x00000000ef880000, 0x00000000f2e80000, 0x0000000100000000)
  eden space 42496K, 0% used [0x00000000ef880000,0x00000000ef880000,0x00000000f2200000)
  from space 6144K, 19% used [0x00000000f2800000,0x00000000f29258e8,0x00000000f2e00000)
  to   space 6144K, 0% used [0x00000000f2200000,0x00000000f2200000,0x00000000f2800000)
 ParOldGen       total 38400K, used 27024K [0x00000000cea00000, 0x00000000d0f80000, 0x00000000ef880000)
  object space 38400K, 70% used [0x00000000cea00000,0x00000000d04640e0,0x00000000d0f80000)
 PSPermGen       total 40448K, used 20132K [0x00000000b6a00000, 0x00000000b9180000, 0x00000000cea00000)
  object space 40448K, 49% used [0x00000000b6a00000,0x00000000b7da91d8,0x00000000b9180000)
}
Event: 19.382 GC heap before
{Heap before GC invocations=28 (full 1):
 PSYoungGen      total 48640K, used 43670K [0x00000000ef880000, 0x00000000f2e80000, 0x0000000100000000)
  eden space 42496K, 100% used [0x00000000ef880000,0x00000000f2200000,0x00000000f2200000)
  from space 6144K, 19% used [0x00000000f2800000,0x00000000f29258e8,0x00000000f2e00000)
  to   space 6144K, 0% used [0x00000000f2200000,0x00000000f2200000,0x00000000f2800000)
 ParOldGen       total 38400K, used 27024K [0x00000000cea00000, 0x00000000d0f80000, 0x00000000ef880000)
  object space 38400K, 70% used [0x00000000cea00000,0x00000000d04640e0,0x00000000d0f80000)
 PSPermGen       total 40448K, used 20252K [0x00000000b6a00000, 0x00000000b9180000, 0x00000000cea00000)
  object space 40448K, 50% used [0x00000000b6a00000,0x00000000b7dc70e8,0x00000000b9180000)
Event: 19.388 GC heap after
Heap after GC invocations=28 (full 1):
 PSYoungGen      total 48640K, used 1651K [0x00000000ef880000, 0x00000000f3600000, 0x0000000100000000)
  eden space 42496K, 0% used [0x00000000ef880000,0x00000000ef880000,0x00000000f2200000)
  from space 6144K, 26% used [0x00000000f2200000,0x00000000f239ccc0,0x00000000f2800000)
  to   space 5632K, 0% used [0x00000000f3080000,0x00000000f3080000,0x00000000f3600000)
 ParOldGen       total 38400K, used 28166K [0x00000000cea00000, 0x00000000d0f80000, 0x00000000ef880000)
  object space 38400K, 73% used [0x00000000cea00000,0x00000000d05819c8,0x00000000d0f80000)
 PSPermGen       total 40448K, used 20252K [0x00000000b6a00000, 0x00000000b9180000, 0x00000000cea00000)
  object space 40448K, 50% used [0x00000000b6a00000,0x00000000b7dc70e8,0x00000000b9180000)
}
Event: 20.050 GC heap before
{Heap before GC invocations=29 (full 1):
 PSYoungGen      total 48640K, used 44147K [0x00000000ef880000, 0x00000000f3600000, 0x0000000100000000)
  eden space 42496K, 100% used [0x00000000ef880000,0x00000000f2200000,0x00000000f2200000)
  from space 6144K, 26% used [0x00000000f2200000,0x00000000f239ccc0,0x00000000f2800000)
  to   space 5632K, 0% used [0x00000000f3080000,0x00000000f3080000,0x00000000f3600000)
 ParOldGen       total 38400K, used 28166K [0x00000000cea00000, 0x00000000d0f80000, 0x00000000ef880000)
  object space 38400K, 73% used [0x00000000cea00000,0x00000000d05819c8,0x00000000d0f80000)
 PSPermGen       total 40448K, used 22466K [0x00000000b6a00000, 0x00000000b9180000, 0x00000000cea00000)
  object space 40448K, 55% used [0x00000000b6a00000,0x00000000b7ff0b08,0x00000000b9180000)
Event: 20.056 GC heap after
Heap after GC invocations=29 (full 1):
 PSYoungGen      total 56320K, used 943K [0x00000000ef880000, 0x00000000f3580000, 0x0000000100000000)
  eden space 51200K, 0% used [0x00000000ef880000,0x00000000ef880000,0x00000000f2a80000)
  from space 5120K, 18% used [0x00000000f3080000,0x00000000f316bd50,0x00000000f3580000)
  to   space 5632K, 0% used [0x00000000f2a80000,0x00000000f2a80000,0x00000000f3000000)
 ParOldGen       total 38400K, used 29633K [0x00000000cea00000, 0x00000000d0f80000, 0x00000000ef880000)
  object space 38400K, 77% used [0x00000000cea00000,0x00000000d06f0698,0x00000000d0f80000)
 PSPermGen       total 40448K, used 22466K [0x00000000b6a00000, 0x00000000b9180000, 0x00000000cea00000)
  object space 40448K, 55% used [0x00000000b6a00000,0x00000000b7ff0b08,0x00000000b9180000)
}

