# JRE version: OpenJDK Runtime Environment (7.0_85-b01) (build 1.7.0_85-b01)
# Java VM: OpenJDK 64-Bit Server VM (24.85-b03 mixed mode linux-amd64 compressed oops)
Heap
 PSYoungGen      total 243200K, used 164623K [0x00000000ef880000, 0x00000000ffd80000, 0x0000000100000000)
  eden space 222208K, 70% used [0x00000000ef880000,0x00000000f9233e28,0x00000000fd180000)
  from space 20992K, 34% used [0x00000000fe900000,0x00000000ff010010,0x00000000ffd80000)
  to   space 22528K, 0% used [0x00000000fd180000,0x00000000fd180000,0x00000000fe780000)
 ParOldGen       total 77312K, used 56433K [0x00000000cea00000, 0x00000000d3580000, 0x00000000ef880000)
  object space 77312K, 72% used [0x00000000cea00000,0x00000000d211c528,0x00000000d3580000)
 PSPermGen       total 114688K, used 73412K [0x00000000b6a00000, 0x00000000bda00000, 0x00000000cea00000)
  object space 114688K, 64% used [0x00000000b6a00000,0x00000000bb1b1170,0x00000000bda00000)
GC Heap History (10 events):
Event: 15.581 GC heap before
{Heap before GC invocations=12 (full 1):
 PSYoungGen      total 187392K, used 187016K [0x00000000ef880000, 0x00000000ff880000, 0x0000000100000000)
  eden space 174080K, 100% used [0x00000000ef880000,0x00000000fa280000,0x00000000fa280000)
  from space 13312K, 97% used [0x00000000feb80000,0x00000000ff8223b8,0x00000000ff880000)
  to   space 15872K, 0% used [0x00000000fd980000,0x00000000fd980000,0x00000000fe900000)
 ParOldGen       total 52224K, used 28078K [0x00000000cea00000, 0x00000000d1d00000, 0x00000000ef880000)
  object space 52224K, 53% used [0x00000000cea00000,0x00000000d056b888,0x00000000d1d00000)
 PSPermGen       total 93184K, used 59274K [0x00000000b6a00000, 0x00000000bc500000, 0x00000000cea00000)
  object space 93184K, 63% used [0x00000000b6a00000,0x00000000ba3e2880,0x00000000bc500000)
Event: 15.620 GC heap after
Heap after GC invocations=12 (full 1):
 PSYoungGen      total 222208K, used 15858K [0x00000000ef880000, 0x00000000fef00000, 0x0000000100000000)
  eden space 206336K, 0% used [0x00000000ef880000,0x00000000ef880000,0x00000000fc200000)
  from space 15872K, 99% used [0x00000000fd980000,0x00000000fe8fc968,0x00000000fe900000)
  to   space 6144K, 0% used [0x00000000fe900000,0x00000000fe900000,0x00000000fef00000)
 ParOldGen       total 52224K, used 40467K [0x00000000cea00000, 0x00000000d1d00000, 0x00000000ef880000)
  object space 52224K, 77% used [0x00000000cea00000,0x00000000d1184fc8,0x00000000d1d00000)
 PSPermGen       total 93184K, used 59274K [0x00000000b6a00000, 0x00000000bc500000, 0x00000000cea00000)
  object space 93184K, 63% used [0x00000000b6a00000,0x00000000ba3e2880,0x00000000bc500000)
}
Event: 15.622 GC heap before
{Heap before GC invocations=13 (full 1):
 PSYoungGen      total 222208K, used 16196K [0x00000000ef880000, 0x00000000fef00000, 0x0000000100000000)
  eden space 206336K, 0% used [0x00000000ef880000,0x00000000ef8d49e0,0x00000000fc200000)
  from space 15872K, 99% used [0x00000000fd980000,0x00000000fe8fc968,0x00000000fe900000)
  to   space 6144K, 0% used [0x00000000fe900000,0x00000000fe900000,0x00000000fef00000)
 ParOldGen       total 52224K, used 40467K [0x00000000cea00000, 0x00000000d1d00000, 0x00000000ef880000)
  object space 52224K, 77% used [0x00000000cea00000,0x00000000d1184fc8,0x00000000d1d00000)
 PSPermGen       total 93184K, used 59283K [0x00000000b6a00000, 0x00000000bc500000, 0x00000000cea00000)
  object space 93184K, 63% used [0x00000000b6a00000,0x00000000ba3e4cf8,0x00000000bc500000)
Event: 15.642 GC heap after
Heap after GC invocations=13 (full 1):
 PSYoungGen      total 227840K, used 6128K [0x00000000ef880000, 0x0000000100000000, 0x0000000100000000)
  eden space 221696K, 0% used [0x00000000ef880000,0x00000000ef880000,0x00000000fd100000)
  from space 6144K, 99% used [0x00000000fe900000,0x00000000feefc010,0x00000000fef00000)
  to   space 24064K, 0% used [0x00000000fd100000,0x00000000fd100000,0x00000000fe880000)
 ParOldGen       total 52224K, used 50425K [0x00000000cea00000, 0x00000000d1d00000, 0x00000000ef880000)
  object space 52224K, 96% used [0x00000000cea00000,0x00000000d1b3e4a8,0x00000000d1d00000)
 PSPermGen       total 93184K, used 59283K [0x00000000b6a00000, 0x00000000bc500000, 0x00000000cea00000)
  object space 93184K, 63% used [0x00000000b6a00000,0x00000000ba3e4cf8,0x00000000bc500000)
}
Event: 15.642 GC heap before
{Heap before GC invocations=14 (full 2):
 PSYoungGen      total 227840K, used 6128K [0x00000000ef880000, 0x0000000100000000, 0x0000000100000000)
  eden space 221696K, 0% used [0x00000000ef880000,0x00000000ef880000,0x00000000fd100000)
  from space 6144K, 99% used [0x00000000fe900000,0x00000000feefc010,0x00000000fef00000)
  to   space 24064K, 0% used [0x00000000fd100000,0x00000000fd100000,0x00000000fe880000)
 ParOldGen       total 52224K, used 50425K [0x00000000cea00000, 0x00000000d1d00000, 0x00000000ef880000)
  object space 52224K, 96% used [0x00000000cea00000,0x00000000d1b3e4a8,0x00000000d1d00000)
 PSPermGen       total 93184K, used 59283K [0x00000000b6a00000, 0x00000000bc500000, 0x00000000cea00000)
  object space 93184K, 63% used [0x00000000b6a00000,0x00000000ba3e4cf8,0x00000000bc500000)
Event: 15.914 GC heap after
Heap after GC invocations=14 (full 2):
 PSYoungGen      total 227840K, used 0K [0x00000000ef880000, 0x0000000100000000, 0x0000000100000000)
  eden space 221696K, 0% used [0x00000000ef880000,0x00000000ef880000,0x00000000fd100000)
  from space 6144K, 0% used [0x00000000fe900000,0x00000000fe900000,0x00000000fef00000)
  to   space 24064K, 0% used [0x00000000fd100000,0x00000000fd100000,0x00000000fe880000)
 ParOldGen       total 77312K, used 45414K [0x00000000cea00000, 0x00000000d3580000, 0x00000000ef880000)
  object space 77312K, 58% used [0x00000000cea00000,0x00000000d1659bf8,0x00000000d3580000)
 PSPermGen       total 114688K, used 59272K [0x00000000b6a00000, 0x00000000bda00000, 0x00000000cea00000)
  object space 114688K, 51% used [0x00000000b6a00000,0x00000000ba3e2378,0x00000000bda00000)
}
Event: 21.028 GC heap before
{Heap before GC invocations=15 (full 2):
 PSYoungGen      total 227840K, used 221696K [0x00000000ef880000, 0x0000000100000000, 0x0000000100000000)
  eden space 221696K, 100% used [0x00000000ef880000,0x00000000fd100000,0x00000000fd100000)
  from space 6144K, 0% used [0x00000000fe900000,0x00000000fe900000,0x00000000fef00000)
  to   space 24064K, 0% used [0x00000000fd100000,0x00000000fd100000,0x00000000fe880000)
 ParOldGen       total 77312K, used 45414K [0x00000000cea00000, 0x00000000d3580000, 0x00000000ef880000)
  object space 77312K, 58% used [0x00000000cea00000,0x00000000d1659bf8,0x00000000d3580000)
 PSPermGen       total 114688K, used 68694K [0x00000000b6a00000, 0x00000000bda00000, 0x00000000cea00000)
  object space 114688K, 59% used [0x00000000b6a00000,0x00000000bad15b98,0x00000000bda00000)
Event: 21.050 GC heap after
Heap after GC invocations=15 (full 2):
 PSYoungGen      total 245760K, used 11919K [0x00000000ef880000, 0x0000000100000000, 0x0000000100000000)
  eden space 221696K, 0% used [0x00000000ef880000,0x00000000ef880000,0x00000000fd100000)
  from space 24064K, 49% used [0x00000000fd100000,0x00000000fdca3d50,0x00000000fe880000)
  to   space 23552K, 0% used [0x00000000fe900000,0x00000000fe900000,0x0000000100000000)
 ParOldGen       total 77312K, used 45414K [0x00000000cea00000, 0x00000000d3580000, 0x00000000ef880000)
  object space 77312K, 58% used [0x00000000cea00000,0x00000000d1659bf8,0x00000000d3580000)
 PSPermGen       total 114688K, used 68694K [0x00000000b6a00000, 0x00000000bda00000, 0x00000000cea00000)
  object space 114688K, 59% used [0x00000000b6a00000,0x00000000bad15b98,0x00000000bda00000)
}
Event: 21.990 GC heap before
{Heap before GC invocations=16 (full 2):
 PSYoungGen      total 245760K, used 233615K [0x00000000ef880000, 0x0000000100000000, 0x0000000100000000)
  eden space 221696K, 100% used [0x00000000ef880000,0x00000000fd100000,0x00000000fd100000)
  from space 24064K, 49% used [0x00000000fd100000,0x00000000fdca3d50,0x00000000fe880000)
  to   space 23552K, 0% used [0x00000000fe900000,0x00000000fe900000,0x0000000100000000)
 ParOldGen       total 77312K, used 45414K [0x00000000cea00000, 0x00000000d3580000, 0x00000000ef880000)
  object space 77312K, 58% used [0x00000000cea00000,0x00000000d1659bf8,0x00000000d3580000)
 PSPermGen       total 114688K, used 69560K [0x00000000b6a00000, 0x00000000bda00000, 0x00000000cea00000)
  object space 114688K, 60% used [0x00000000b6a00000,0x00000000badee388,0x00000000bda00000)
Event: 22.022 GC heap after
Heap after GC invocations=16 (full 2):
 PSYoungGen      total 243200K, used 7232K [0x00000000ef880000, 0x00000000ffd80000, 0x0000000100000000)
  eden space 222208K, 0% used [0x00000000ef880000,0x00000000ef880000,0x00000000fd180000)
  from space 20992K, 34% used [0x00000000fe900000,0x00000000ff010010,0x00000000ffd80000)
  to   space 22528K, 0% used [0x00000000fd180000,0x00000000fd180000,0x00000000fe780000)
 ParOldGen       total 77312K, used 56433K [0x00000000cea00000, 0x00000000d3580000, 0x00000000ef880000)
  object space 77312K, 72% used [0x00000000cea00000,0x00000000d211c528,0x00000000d3580000)
 PSPermGen       total 114688K, used 69560K [0x00000000b6a00000, 0x00000000bda00000, 0x00000000cea00000)
  object space 114688K, 60% used [0x00000000b6a00000,0x00000000badee388,0x00000000bda00000)
}

