# JRE version: OpenJDK Runtime Environment (7.0_85-b01) (build 1.7.0_85-b01)
# Java VM: OpenJDK 64-Bit Server VM (24.85-b03 mixed mode linux-amd64 compressed oops)
Heap
 PSYoungGen      total 92160K, used 68371K [0x00000000ef880000, 0x00000000f8d80000, 0x0000000100000000)
  eden space 88064K, 73% used [0x00000000ef880000,0x00000000f37c0cf0,0x00000000f4e80000)
  from space 4096K, 87% used [0x00000000f5180000,0x00000000f5504050,0x00000000f5580000)
  to   space 32256K, 0% used [0x00000000f6e00000,0x00000000f6e00000,0x00000000f8d80000)
 ParOldGen       total 115712K, used 90862K [0x00000000cea00000, 0x00000000d5b00000, 0x00000000ef880000)
  object space 115712K, 78% used [0x00000000cea00000,0x00000000d42bbbc0,0x00000000d5b00000)
 PSPermGen       total 123904K, used 96929K [0x00000000b6a00000, 0x00000000be300000, 0x00000000cea00000)
  object space 123904K, 78% used [0x00000000b6a00000,0x00000000bc8a8600,0x00000000be300000)
GC Heap History (10 events):
Event: 1443.324 GC heap before
{Heap before GC invocations=44 (full 3):
 PSYoungGen      total 134656K, used 112496K [0x00000000ef880000, 0x00000000fa280000, 0x0000000100000000)
  eden space 104448K, 100% used [0x00000000ef880000,0x00000000f5e80000,0x00000000f5e80000)
  from space 30208K, 26% used [0x00000000f8500000,0x00000000f8cdc060,0x00000000fa280000)
  to   space 34816K, 0% used [0x00000000f5e80000,0x00000000f5e80000,0x00000000f8080000)
 ParOldGen       total 115712K, used 90630K [0x00000000cea00000, 0x00000000d5b00000, 0x00000000ef880000)
  object space 115712K, 78% used [0x00000000cea00000,0x00000000d4281bc0,0x00000000d5b00000)
 PSPermGen       total 123904K, used 96731K [0x00000000b6a00000, 0x00000000be300000, 0x00000000cea00000)
  object space 123904K, 78% used [0x00000000b6a00000,0x00000000bc876db8,0x00000000be300000)
Event: 1443.343 GC heap after
Heap after GC invocations=44 (full 3):
 PSYoungGen      total 109056K, used 8016K [0x00000000ef880000, 0x00000000f9e00000, 0x0000000100000000)
  eden space 100864K, 0% used [0x00000000ef880000,0x00000000ef880000,0x00000000f5b00000)
  from space 8192K, 97% used [0x00000000f5e80000,0x00000000f6654070,0x00000000f6680000)
  to   space 34304K, 0% used [0x00000000f7c80000,0x00000000f7c80000,0x00000000f9e00000)
 ParOldGen       total 115712K, used 90694K [0x00000000cea00000, 0x00000000d5b00000, 0x00000000ef880000)
  object space 115712K, 78% used [0x00000000cea00000,0x00000000d4291bc0,0x00000000d5b00000)
 PSPermGen       total 123904K, used 96731K [0x00000000b6a00000, 0x00000000be300000, 0x00000000cea00000)
  object space 123904K, 78% used [0x00000000b6a00000,0x00000000bc876db8,0x00000000be300000)
}
Event: 1460.130 GC heap before
{Heap before GC invocations=45 (full 3):
 PSYoungGen      total 109056K, used 108880K [0x00000000ef880000, 0x00000000f9e00000, 0x0000000100000000)
  eden space 100864K, 100% used [0x00000000ef880000,0x00000000f5b00000,0x00000000f5b00000)
  from space 8192K, 97% used [0x00000000f5e80000,0x00000000f6654070,0x00000000f6680000)
  to   space 34304K, 0% used [0x00000000f7c80000,0x00000000f7c80000,0x00000000f9e00000)
 ParOldGen       total 115712K, used 90694K [0x00000000cea00000, 0x00000000d5b00000, 0x00000000ef880000)
  object space 115712K, 78% used [0x00000000cea00000,0x00000000d4291bc0,0x00000000d5b00000)
 PSPermGen       total 123904K, used 96738K [0x00000000b6a00000, 0x00000000be300000, 0x00000000cea00000)
  object space 123904K, 78% used [0x00000000b6a00000,0x00000000bc878bd8,0x00000000be300000)
Event: 1460.147 GC heap after
Heap after GC invocations=45 (full 3):
 PSYoungGen      total 126976K, used 5200K [0x00000000ef880000, 0x00000000f9980000, 0x0000000100000000)
  eden space 97280K, 0% used [0x00000000ef880000,0x00000000ef880000,0x00000000f5780000)
  from space 29696K, 17% used [0x00000000f7c80000,0x00000000f8194060,0x00000000f9980000)
  to   space 33792K, 0% used [0x00000000f5780000,0x00000000f5780000,0x00000000f7880000)
 ParOldGen       total 115712K, used 90742K [0x00000000cea00000, 0x00000000d5b00000, 0x00000000ef880000)
  object space 115712K, 78% used [0x00000000cea00000,0x00000000d429dbc0,0x00000000d5b00000)
 PSPermGen       total 123904K, used 96738K [0x00000000b6a00000, 0x00000000be300000, 0x00000000cea00000)
  object space 123904K, 78% used [0x00000000b6a00000,0x00000000bc878bd8,0x00000000be300000)
}
Event: 1486.606 GC heap before
{Heap before GC invocations=46 (full 3):
 PSYoungGen      total 126976K, used 102480K [0x00000000ef880000, 0x00000000f9980000, 0x0000000100000000)
  eden space 97280K, 100% used [0x00000000ef880000,0x00000000f5780000,0x00000000f5780000)
  from space 29696K, 17% used [0x00000000f7c80000,0x00000000f8194060,0x00000000f9980000)
  to   space 33792K, 0% used [0x00000000f5780000,0x00000000f5780000,0x00000000f7880000)
 ParOldGen       total 115712K, used 90742K [0x00000000cea00000, 0x00000000d5b00000, 0x00000000ef880000)
  object space 115712K, 78% used [0x00000000cea00000,0x00000000d429dbc0,0x00000000d5b00000)
 PSPermGen       total 123904K, used 96753K [0x00000000b6a00000, 0x00000000be300000, 0x00000000cea00000)
  object space 123904K, 78% used [0x00000000b6a00000,0x00000000bc87c768,0x00000000be300000)
Event: 1486.620 GC heap after
Heap after GC invocations=46 (full 3):
 PSYoungGen      total 100352K, used 5744K [0x00000000ef880000, 0x00000000f9580000, 0x0000000100000000)
  eden space 94208K, 0% used [0x00000000ef880000,0x00000000ef880000,0x00000000f5480000)
  from space 6144K, 93% used [0x00000000f5780000,0x00000000f5d1c060,0x00000000f5d80000)
  to   space 33280K, 0% used [0x00000000f7500000,0x00000000f7500000,0x00000000f9580000)
 ParOldGen       total 115712K, used 90782K [0x00000000cea00000, 0x00000000d5b00000, 0x00000000ef880000)
  object space 115712K, 78% used [0x00000000cea00000,0x00000000d42a7bc0,0x00000000d5b00000)
 PSPermGen       total 123904K, used 96753K [0x00000000b6a00000, 0x00000000be300000, 0x00000000cea00000)
  object space 123904K, 78% used [0x00000000b6a00000,0x00000000bc87c768,0x00000000be300000)
}
Event: 1500.425 GC heap before
{Heap before GC invocations=47 (full 3):
 PSYoungGen      total 100352K, used 99952K [0x00000000ef880000, 0x00000000f9580000, 0x0000000100000000)
  eden space 94208K, 100% used [0x00000000ef880000,0x00000000f5480000,0x00000000f5480000)
  from space 6144K, 93% used [0x00000000f5780000,0x00000000f5d1c060,0x00000000f5d80000)
  to   space 33280K, 0% used [0x00000000f7500000,0x00000000f7500000,0x00000000f9580000)
 ParOldGen       total 115712K, used 90782K [0x00000000cea00000, 0x00000000d5b00000, 0x00000000ef880000)
  object space 115712K, 78% used [0x00000000cea00000,0x00000000d42a7bc0,0x00000000d5b00000)
 PSPermGen       total 123904K, used 96810K [0x00000000b6a00000, 0x00000000be300000, 0x00000000cea00000)
  object space 123904K, 78% used [0x00000000b6a00000,0x00000000bc88ab08,0x00000000be300000)
Event: 1500.438 GC heap after
Heap after GC invocations=47 (full 3):
 PSYoungGen      total 120320K, used 3664K [0x00000000ef880000, 0x00000000f9180000, 0x0000000100000000)
  eden space 91136K, 0% used [0x00000000ef880000,0x00000000ef880000,0x00000000f5180000)
  from space 29184K, 12% used [0x00000000f7500000,0x00000000f7894050,0x00000000f9180000)
  to   space 32768K, 0% used [0x00000000f5180000,0x00000000f5180000,0x00000000f7180000)
 ParOldGen       total 115712K, used 90830K [0x00000000cea00000, 0x00000000d5b00000, 0x00000000ef880000)
  object space 115712K, 78% used [0x00000000cea00000,0x00000000d42b3bc0,0x00000000d5b00000)
 PSPermGen       total 123904K, used 96810K [0x00000000b6a00000, 0x00000000be300000, 0x00000000cea00000)
  object space 123904K, 78% used [0x00000000b6a00000,0x00000000bc88ab08,0x00000000be300000)
}
Event: 1511.353 GC heap before
{Heap before GC invocations=48 (full 3):
 PSYoungGen      total 120320K, used 94800K [0x00000000ef880000, 0x00000000f9180000, 0x0000000100000000)
  eden space 91136K, 100% used [0x00000000ef880000,0x00000000f5180000,0x00000000f5180000)
  from space 29184K, 12% used [0x00000000f7500000,0x00000000f7894050,0x00000000f9180000)
  to   space 32768K, 0% used [0x00000000f5180000,0x00000000f5180000,0x00000000f7180000)
 ParOldGen       total 115712K, used 90830K [0x00000000cea00000, 0x00000000d5b00000, 0x00000000ef880000)
  object space 115712K, 78% used [0x00000000cea00000,0x00000000d42b3bc0,0x00000000d5b00000)
 PSPermGen       total 123904K, used 96816K [0x00000000b6a00000, 0x00000000be300000, 0x00000000cea00000)
  object space 123904K, 78% used [0x00000000b6a00000,0x00000000bc88c3e8,0x00000000be300000)
Event: 1511.364 GC heap after
Heap after GC invocations=48 (full 3):
 PSYoungGen      total 92160K, used 3600K [0x00000000ef880000, 0x00000000f8d80000, 0x0000000100000000)
  eden space 88064K, 0% used [0x00000000ef880000,0x00000000ef880000,0x00000000f4e80000)
  from space 4096K, 87% used [0x00000000f5180000,0x00000000f5504050,0x00000000f5580000)
  to   space 32256K, 0% used [0x00000000f6e00000,0x00000000f6e00000,0x00000000f8d80000)
 ParOldGen       total 115712K, used 90862K [0x00000000cea00000, 0x00000000d5b00000, 0x00000000ef880000)
  object space 115712K, 78% used [0x00000000cea00000,0x00000000d42bbbc0,0x00000000d5b00000)
 PSPermGen       total 123904K, used 96816K [0x00000000b6a00000, 0x00000000be300000, 0x00000000cea00000)
  object space 123904K, 78% used [0x00000000b6a00000,0x00000000bc88c3e8,0x00000000be300000)
}

