# JRE version: OpenJDK Runtime Environment (7.0_85-b01) (build 1.7.0_85-b01)
# Java VM: OpenJDK 64-Bit Server VM (24.85-b03 mixed mode linux-amd64 compressed oops)
Heap
 PSYoungGen      total 153600K, used 26554K [0x00000000ef880000, 0x00000000fee80000, 0x0000000100000000)
  eden space 144384K, 13% used [0x00000000ef880000,0x00000000f0b1d0e0,0x00000000f8580000)
  from space 9216K, 81% used [0x00000000f8580000,0x00000000f8cd1828,0x00000000f8e80000)
  to   space 10240K, 0% used [0x00000000fe480000,0x00000000fe480000,0x00000000fee80000)
 ParOldGen       total 22016K, used 16676K [0x00000000cea00000, 0x00000000cff80000, 0x00000000ef880000)
  object space 22016K, 75% used [0x00000000cea00000,0x00000000cfa49290,0x00000000cff80000)
 PSPermGen       total 32768K, used 22053K [0x00000000b6a00000, 0x00000000b8a00000, 0x00000000cea00000)
  object space 32768K, 67% used [0x00000000b6a00000,0x00000000b7f89498,0x00000000b8a00000)
GC Heap History (10 events):
Event: 3.226 GC heap before
{Heap before GC invocations=5 (full 0):
 PSYoungGen      total 37888K, used 37872K [0x00000000ef880000, 0x00000000f1e80000, 0x0000000100000000)
  eden space 36864K, 100% used [0x00000000ef880000,0x00000000f1c80000,0x00000000f1c80000)
  from space 1024K, 98% used [0x00000000f1d80000,0x00000000f1e7c010,0x00000000f1e80000)
  to   space 1024K, 0% used [0x00000000f1c80000,0x00000000f1c80000,0x00000000f1d80000)
 ParOldGen       total 22016K, used 4433K [0x00000000cea00000, 0x00000000cff80000, 0x00000000ef880000)
  object space 22016K, 20% used [0x00000000cea00000,0x00000000cee54520,0x00000000cff80000)
 PSPermGen       total 32768K, used 16242K [0x00000000b6a00000, 0x00000000b8a00000, 0x00000000cea00000)
  object space 32768K, 49% used [0x00000000b6a00000,0x00000000b79dc850,0x00000000b8a00000)
Event: 3.233 GC heap after
Heap after GC invocations=5 (full 0):
 PSYoungGen      total 37888K, used 1024K [0x00000000ef880000, 0x00000000f4680000, 0x0000000100000000)
  eden space 36864K, 0% used [0x00000000ef880000,0x00000000ef880000,0x00000000f1c80000)
  from space 1024K, 100% used [0x00000000f1c80000,0x00000000f1d80000,0x00000000f1d80000)
  to   space 3072K, 0% used [0x00000000f4380000,0x00000000f4380000,0x00000000f4680000)
 ParOldGen       total 22016K, used 6306K [0x00000000cea00000, 0x00000000cff80000, 0x00000000ef880000)
  object space 22016K, 28% used [0x00000000cea00000,0x00000000cf028ab8,0x00000000cff80000)
 PSPermGen       total 32768K, used 16242K [0x00000000b6a00000, 0x00000000b8a00000, 0x00000000cea00000)
  object space 32768K, 49% used [0x00000000b6a00000,0x00000000b79dc850,0x00000000b8a00000)
}
Event: 3.485 GC heap before
{Heap before GC invocations=6 (full 0):
 PSYoungGen      total 37888K, used 37888K [0x00000000ef880000, 0x00000000f4680000, 0x0000000100000000)
  eden space 36864K, 100% used [0x00000000ef880000,0x00000000f1c80000,0x00000000f1c80000)
  from space 1024K, 100% used [0x00000000f1c80000,0x00000000f1d80000,0x00000000f1d80000)
  to   space 3072K, 0% used [0x00000000f4380000,0x00000000f4380000,0x00000000f4680000)
 ParOldGen       total 22016K, used 6306K [0x00000000cea00000, 0x00000000cff80000, 0x00000000ef880000)
  object space 22016K, 28% used [0x00000000cea00000,0x00000000cf028ab8,0x00000000cff80000)
 PSPermGen       total 32768K, used 16609K [0x00000000b6a00000, 0x00000000b8a00000, 0x00000000cea00000)
  object space 32768K, 50% used [0x00000000b6a00000,0x00000000b7a386f8,0x00000000b8a00000)
Event: 3.492 GC heap after
Heap after GC invocations=6 (full 0):
 PSYoungGen      total 76800K, used 2544K [0x00000000ef880000, 0x00000000f4680000, 0x0000000100000000)
  eden space 73728K, 0% used [0x00000000ef880000,0x00000000ef880000,0x00000000f4080000)
  from space 3072K, 82% used [0x00000000f4380000,0x00000000f45fc010,0x00000000f4680000)
  to   space 3072K, 0% used [0x00000000f4080000,0x00000000f4080000,0x00000000f4380000)
 ParOldGen       total 22016K, used 6306K [0x00000000cea00000, 0x00000000cff80000, 0x00000000ef880000)
  object space 22016K, 28% used [0x00000000cea00000,0x00000000cf028ab8,0x00000000cff80000)
 PSPermGen       total 32768K, used 16609K [0x00000000b6a00000, 0x00000000b8a00000, 0x00000000cea00000)
  object space 32768K, 50% used [0x00000000b6a00000,0x00000000b7a386f8,0x00000000b8a00000)
}
Event: 4.468 GC heap before
{Heap before GC invocations=7 (full 0):
 PSYoungGen      total 76800K, used 76272K [0x00000000ef880000, 0x00000000f4680000, 0x0000000100000000)
  eden space 73728K, 100% used [0x00000000ef880000,0x00000000f4080000,0x00000000f4080000)
  from space 3072K, 82% used [0x00000000f4380000,0x00000000f45fc010,0x00000000f4680000)
  to   space 3072K, 0% used [0x00000000f4080000,0x00000000f4080000,0x00000000f4380000)
 ParOldGen       total 22016K, used 6306K [0x00000000cea00000, 0x00000000cff80000, 0x00000000ef880000)
  object space 22016K, 28% used [0x00000000cea00000,0x00000000cf028ab8,0x00000000cff80000)
 PSPermGen       total 32768K, used 19722K [0x00000000b6a00000, 0x00000000b8a00000, 0x00000000cea00000)
  object space 32768K, 60% used [0x00000000b6a00000,0x00000000b7d42820,0x00000000b8a00000)
Event: 4.491 GC heap after
Heap after GC invocations=7 (full 0):
 PSYoungGen      total 76800K, used 3045K [0x00000000ef880000, 0x00000000f9480000, 0x0000000100000000)
  eden space 73728K, 0% used [0x00000000ef880000,0x00000000ef880000,0x00000000f4080000)
  from space 3072K, 99% used [0x00000000f4080000,0x00000000f4379630,0x00000000f4380000)
  to   space 6144K, 0% used [0x00000000f8e80000,0x00000000f8e80000,0x00000000f9480000)
 ParOldGen       total 22016K, used 11196K [0x00000000cea00000, 0x00000000cff80000, 0x00000000ef880000)
  object space 22016K, 50% used [0x00000000cea00000,0x00000000cf4ef280,0x00000000cff80000)
 PSPermGen       total 32768K, used 19722K [0x00000000b6a00000, 0x00000000b8a00000, 0x00000000cea00000)
  object space 32768K, 60% used [0x00000000b6a00000,0x00000000b7d42820,0x00000000b8a00000)
}
Event: 5.788 GC heap before
{Heap before GC invocations=8 (full 0):
 PSYoungGen      total 76800K, used 76773K [0x00000000ef880000, 0x00000000f9480000, 0x0000000100000000)
  eden space 73728K, 100% used [0x00000000ef880000,0x00000000f4080000,0x00000000f4080000)
  from space 3072K, 99% used [0x00000000f4080000,0x00000000f4379630,0x00000000f4380000)
  to   space 6144K, 0% used [0x00000000f8e80000,0x00000000f8e80000,0x00000000f9480000)
 ParOldGen       total 22016K, used 11196K [0x00000000cea00000, 0x00000000cff80000, 0x00000000ef880000)
  object space 22016K, 50% used [0x00000000cea00000,0x00000000cf4ef280,0x00000000cff80000)
 PSPermGen       total 32768K, used 19987K [0x00000000b6a00000, 0x00000000b8a00000, 0x00000000cea00000)
  object space 32768K, 60% used [0x00000000b6a00000,0x00000000b7d84d70,0x00000000b8a00000)
Event: 5.820 GC heap after
Heap after GC invocations=8 (full 0):
 PSYoungGen      total 150528K, used 6134K [0x00000000ef880000, 0x00000000f9a80000, 0x0000000100000000)
  eden space 144384K, 0% used [0x00000000ef880000,0x00000000ef880000,0x00000000f8580000)
  from space 6144K, 99% used [0x00000000f8e80000,0x00000000f947d918,0x00000000f9480000)
  to   space 9216K, 0% used [0x00000000f8580000,0x00000000f8580000,0x00000000f8e80000)
 ParOldGen       total 22016K, used 16196K [0x00000000cea00000, 0x00000000cff80000, 0x00000000ef880000)
  object space 22016K, 73% used [0x00000000cea00000,0x00000000cf9d1290,0x00000000cff80000)
 PSPermGen       total 32768K, used 19987K [0x00000000b6a00000, 0x00000000b8a00000, 0x00000000cea00000)
  object space 32768K, 60% used [0x00000000b6a00000,0x00000000b7d84d70,0x00000000b8a00000)
}
Event: 7.907 GC heap before
{Heap before GC invocations=9 (full 0):
 PSYoungGen      total 150528K, used 150518K [0x00000000ef880000, 0x00000000f9a80000, 0x0000000100000000)
  eden space 144384K, 100% used [0x00000000ef880000,0x00000000f8580000,0x00000000f8580000)
  from space 6144K, 99% used [0x00000000f8e80000,0x00000000f947d918,0x00000000f9480000)
  to   space 9216K, 0% used [0x00000000f8580000,0x00000000f8580000,0x00000000f8e80000)
 ParOldGen       total 22016K, used 16196K [0x00000000cea00000, 0x00000000cff80000, 0x00000000ef880000)
  object space 22016K, 73% used [0x00000000cea00000,0x00000000cf9d1290,0x00000000cff80000)
 PSPermGen       total 32768K, used 20152K [0x00000000b6a00000, 0x00000000b8a00000, 0x00000000cea00000)
  object space 32768K, 61% used [0x00000000b6a00000,0x00000000b7dae298,0x00000000b8a00000)
Event: 7.917 GC heap after
Heap after GC invocations=9 (full 0):
 PSYoungGen      total 153600K, used 7494K [0x00000000ef880000, 0x00000000fee80000, 0x0000000100000000)
  eden space 144384K, 0% used [0x00000000ef880000,0x00000000ef880000,0x00000000f8580000)
  from space 9216K, 81% used [0x00000000f8580000,0x00000000f8cd1828,0x00000000f8e80000)
  to   space 10240K, 0% used [0x00000000fe480000,0x00000000fe480000,0x00000000fee80000)
 ParOldGen       total 22016K, used 16676K [0x00000000cea00000, 0x00000000cff80000, 0x00000000ef880000)
  object space 22016K, 75% used [0x00000000cea00000,0x00000000cfa49290,0x00000000cff80000)
 PSPermGen       total 32768K, used 20152K [0x00000000b6a00000, 0x00000000b8a00000, 0x00000000cea00000)
  object space 32768K, 61% used [0x00000000b6a00000,0x00000000b7dae298,0x00000000b8a00000)
}

