# JRE version: OpenJDK Runtime Environment (7.0_85-b01) (build 1.7.0_85-b01)
# Java VM: OpenJDK 64-Bit Server VM (24.85-b03 mixed mode linux-amd64 compressed oops)
Heap
 PSYoungGen      total 153600K, used 32069K [0x00000000ef880000, 0x00000000fed80000, 0x0000000100000000)
  eden space 144384K, 17% used [0x00000000ef880000,0x00000000f1107b38,0x00000000f8580000)
  from space 9216K, 75% used [0x00000000f8580000,0x00000000f8c49c80,0x00000000f8e80000)
  to   space 9728K, 0% used [0x00000000fe400000,0x00000000fe400000,0x00000000fed80000)
 ParOldGen       total 22016K, used 17192K [0x00000000cea00000, 0x00000000cff80000, 0x00000000ef880000)
  object space 22016K, 78% used [0x00000000cea00000,0x00000000cfaca388,0x00000000cff80000)
 PSPermGen       total 32768K, used 21817K [0x00000000b6a00000, 0x00000000b8a00000, 0x00000000cea00000)
  object space 32768K, 66% used [0x00000000b6a00000,0x00000000b7f4e730,0x00000000b8a00000)
GC Heap History (10 events):
Event: 3.604 GC heap before
{Heap before GC invocations=5 (full 0):
 PSYoungGen      total 37888K, used 37888K [0x00000000ef880000, 0x00000000f1e80000, 0x0000000100000000)
  eden space 36864K, 100% used [0x00000000ef880000,0x00000000f1c80000,0x00000000f1c80000)
  from space 1024K, 100% used [0x00000000f1d80000,0x00000000f1e80000,0x00000000f1e80000)
  to   space 1024K, 0% used [0x00000000f1c80000,0x00000000f1c80000,0x00000000f1d80000)
 ParOldGen       total 22016K, used 4788K [0x00000000cea00000, 0x00000000cff80000, 0x00000000ef880000)
  object space 22016K, 21% used [0x00000000cea00000,0x00000000ceead1a8,0x00000000cff80000)
 PSPermGen       total 32768K, used 16183K [0x00000000b6a00000, 0x00000000b8a00000, 0x00000000cea00000)
  object space 32768K, 49% used [0x00000000b6a00000,0x00000000b79cdec8,0x00000000b8a00000)
Event: 3.617 GC heap after
Heap after GC invocations=5 (full 0):
 PSYoungGen      total 37888K, used 992K [0x00000000ef880000, 0x00000000f4780000, 0x0000000100000000)
  eden space 36864K, 0% used [0x00000000ef880000,0x00000000ef880000,0x00000000f1c80000)
  from space 1024K, 96% used [0x00000000f1c80000,0x00000000f1d78020,0x00000000f1d80000)
  to   space 3584K, 0% used [0x00000000f4400000,0x00000000f4400000,0x00000000f4780000)
 ParOldGen       total 22016K, used 6717K [0x00000000cea00000, 0x00000000cff80000, 0x00000000ef880000)
  object space 22016K, 30% used [0x00000000cea00000,0x00000000cf08f488,0x00000000cff80000)
 PSPermGen       total 32768K, used 16183K [0x00000000b6a00000, 0x00000000b8a00000, 0x00000000cea00000)
  object space 32768K, 49% used [0x00000000b6a00000,0x00000000b79cdec8,0x00000000b8a00000)
}
Event: 3.853 GC heap before
{Heap before GC invocations=6 (full 0):
 PSYoungGen      total 37888K, used 37856K [0x00000000ef880000, 0x00000000f4780000, 0x0000000100000000)
  eden space 36864K, 100% used [0x00000000ef880000,0x00000000f1c80000,0x00000000f1c80000)
  from space 1024K, 96% used [0x00000000f1c80000,0x00000000f1d78020,0x00000000f1d80000)
  to   space 3584K, 0% used [0x00000000f4400000,0x00000000f4400000,0x00000000f4780000)
 ParOldGen       total 22016K, used 6717K [0x00000000cea00000, 0x00000000cff80000, 0x00000000ef880000)
  object space 22016K, 30% used [0x00000000cea00000,0x00000000cf08f488,0x00000000cff80000)
 PSPermGen       total 32768K, used 16551K [0x00000000b6a00000, 0x00000000b8a00000, 0x00000000cea00000)
  object space 32768K, 50% used [0x00000000b6a00000,0x00000000b7a29f98,0x00000000b8a00000)
Event: 3.862 GC heap after
Heap after GC invocations=6 (full 0):
 PSYoungGen      total 77312K, used 2544K [0x00000000ef880000, 0x00000000f4780000, 0x0000000100000000)
  eden space 73728K, 0% used [0x00000000ef880000,0x00000000ef880000,0x00000000f4080000)
  from space 3584K, 70% used [0x00000000f4400000,0x00000000f467c010,0x00000000f4780000)
  to   space 3584K, 0% used [0x00000000f4080000,0x00000000f4080000,0x00000000f4400000)
 ParOldGen       total 22016K, used 6717K [0x00000000cea00000, 0x00000000cff80000, 0x00000000ef880000)
  object space 22016K, 30% used [0x00000000cea00000,0x00000000cf08f488,0x00000000cff80000)
 PSPermGen       total 32768K, used 16551K [0x00000000b6a00000, 0x00000000b8a00000, 0x00000000cea00000)
  object space 32768K, 50% used [0x00000000b6a00000,0x00000000b7a29f98,0x00000000b8a00000)
}
Event: 5.238 GC heap before
{Heap before GC invocations=7 (full 0):
 PSYoungGen      total 77312K, used 76272K [0x00000000ef880000, 0x00000000f4780000, 0x0000000100000000)
  eden space 73728K, 100% used [0x00000000ef880000,0x00000000f4080000,0x00000000f4080000)
  from space 3584K, 70% used [0x00000000f4400000,0x00000000f467c010,0x00000000f4780000)
  to   space 3584K, 0% used [0x00000000f4080000,0x00000000f4080000,0x00000000f4400000)
 ParOldGen       total 22016K, used 6717K [0x00000000cea00000, 0x00000000cff80000, 0x00000000ef880000)
  object space 22016K, 30% used [0x00000000cea00000,0x00000000cf08f488,0x00000000cff80000)
 PSPermGen       total 32768K, used 19663K [0x00000000b6a00000, 0x00000000b8a00000, 0x00000000cea00000)
  object space 32768K, 60% used [0x00000000b6a00000,0x00000000b7d33c60,0x00000000b8a00000)
Event: 5.259 GC heap after
Heap after GC invocations=7 (full 0):
 PSYoungGen      total 77312K, used 3554K [0x00000000ef880000, 0x00000000f9480000, 0x0000000100000000)
  eden space 73728K, 0% used [0x00000000ef880000,0x00000000ef880000,0x00000000f4080000)
  from space 3584K, 99% used [0x00000000f4080000,0x00000000f43f89b0,0x00000000f4400000)
  to   space 6144K, 0% used [0x00000000f8e80000,0x00000000f8e80000,0x00000000f9480000)
 ParOldGen       total 22016K, used 11065K [0x00000000cea00000, 0x00000000cff80000, 0x00000000ef880000)
  object space 22016K, 50% used [0x00000000cea00000,0x00000000cf4ce668,0x00000000cff80000)
 PSPermGen       total 32768K, used 19663K [0x00000000b6a00000, 0x00000000b8a00000, 0x00000000cea00000)
  object space 32768K, 60% used [0x00000000b6a00000,0x00000000b7d33c60,0x00000000b8a00000)
}
Event: 7.418 GC heap before
{Heap before GC invocations=8 (full 0):
 PSYoungGen      total 77312K, used 77282K [0x00000000ef880000, 0x00000000f9480000, 0x0000000100000000)
  eden space 73728K, 100% used [0x00000000ef880000,0x00000000f4080000,0x00000000f4080000)
  from space 3584K, 99% used [0x00000000f4080000,0x00000000f43f89b0,0x00000000f4400000)
  to   space 6144K, 0% used [0x00000000f8e80000,0x00000000f8e80000,0x00000000f9480000)
 ParOldGen       total 22016K, used 11065K [0x00000000cea00000, 0x00000000cff80000, 0x00000000ef880000)
  object space 22016K, 50% used [0x00000000cea00000,0x00000000cf4ce668,0x00000000cff80000)
 PSPermGen       total 32768K, used 19928K [0x00000000b6a00000, 0x00000000b8a00000, 0x00000000cea00000)
  object space 32768K, 60% used [0x00000000b6a00000,0x00000000b7d76260,0x00000000b8a00000)
Event: 7.444 GC heap after
Heap after GC invocations=8 (full 0):
 PSYoungGen      total 150528K, used 6114K [0x00000000ef880000, 0x00000000f9a80000, 0x0000000100000000)
  eden space 144384K, 0% used [0x00000000ef880000,0x00000000ef880000,0x00000000f8580000)
  from space 6144K, 99% used [0x00000000f8e80000,0x00000000f94789d0,0x00000000f9480000)
  to   space 9216K, 0% used [0x00000000f8580000,0x00000000f8580000,0x00000000f8e80000)
 ParOldGen       total 22016K, used 16368K [0x00000000cea00000, 0x00000000cff80000, 0x00000000ef880000)
  object space 22016K, 74% used [0x00000000cea00000,0x00000000cf9fc388,0x00000000cff80000)
 PSPermGen       total 32768K, used 19928K [0x00000000b6a00000, 0x00000000b8a00000, 0x00000000cea00000)
  object space 32768K, 60% used [0x00000000b6a00000,0x00000000b7d76260,0x00000000b8a00000)
}
Event: 11.508 GC heap before
{Heap before GC invocations=9 (full 0):
 PSYoungGen      total 150528K, used 150498K [0x00000000ef880000, 0x00000000f9a80000, 0x0000000100000000)
  eden space 144384K, 100% used [0x00000000ef880000,0x00000000f8580000,0x00000000f8580000)
  from space 6144K, 99% used [0x00000000f8e80000,0x00000000f94789d0,0x00000000f9480000)
  to   space 9216K, 0% used [0x00000000f8580000,0x00000000f8580000,0x00000000f8e80000)
 ParOldGen       total 22016K, used 16368K [0x00000000cea00000, 0x00000000cff80000, 0x00000000ef880000)
  object space 22016K, 74% used [0x00000000cea00000,0x00000000cf9fc388,0x00000000cff80000)
 PSPermGen       total 32768K, used 20093K [0x00000000b6a00000, 0x00000000b8a00000, 0x00000000cea00000)
  object space 32768K, 61% used [0x00000000b6a00000,0x00000000b7d9f468,0x00000000b8a00000)
Event: 11.536 GC heap after
Heap after GC invocations=9 (full 0):
 PSYoungGen      total 153600K, used 6951K [0x00000000ef880000, 0x00000000fed80000, 0x0000000100000000)
  eden space 144384K, 0% used [0x00000000ef880000,0x00000000ef880000,0x00000000f8580000)
  from space 9216K, 75% used [0x00000000f8580000,0x00000000f8c49c80,0x00000000f8e80000)
  to   space 9728K, 0% used [0x00000000fe400000,0x00000000fe400000,0x00000000fed80000)
 ParOldGen       total 22016K, used 17192K [0x00000000cea00000, 0x00000000cff80000, 0x00000000ef880000)
  object space 22016K, 78% used [0x00000000cea00000,0x00000000cfaca388,0x00000000cff80000)
 PSPermGen       total 32768K, used 20093K [0x00000000b6a00000, 0x00000000b8a00000, 0x00000000cea00000)
  object space 32768K, 61% used [0x00000000b6a00000,0x00000000b7d9f468,0x00000000b8a00000)
}

