# JRE version: OpenJDK Runtime Environment (7.0_85-b01) (build 1.7.0_85-b01)
# Java VM: OpenJDK 64-Bit Server VM (24.85-b03 mixed mode linux-amd64 compressed oops)
Heap
 PSYoungGen      total 51712K, used 20624K [0x00000000ef880000, 0x00000000f3280000, 0x0000000100000000)
  eden space 45056K, 45% used [0x00000000ef880000,0x00000000f0c8c180,0x00000000f2480000)
  from space 6656K, 1% used [0x00000000f2c00000,0x00000000f2c18000,0x00000000f3280000)
  to   space 7168K, 0% used [0x00000000f2480000,0x00000000f2480000,0x00000000f2b80000)
 ParOldGen       total 37376K, used 23772K [0x00000000cea00000, 0x00000000d0e80000, 0x00000000ef880000)
  object space 37376K, 63% used [0x00000000cea00000,0x00000000d0137060,0x00000000d0e80000)
 PSPermGen       total 40448K, used 22037K [0x00000000b6a00000, 0x00000000b9180000, 0x00000000cea00000)
  object space 40448K, 54% used [0x00000000b6a00000,0x00000000b7f856b0,0x00000000b9180000)
GC Heap History (10 events):
Event: 16.869 GC heap before
{Heap before GC invocations=25 (full 1):
 PSYoungGen      total 35840K, used 4576K [0x00000000ef880000, 0x00000000f2a80000, 0x0000000100000000)
  eden space 31232K, 0% used [0x00000000ef880000,0x00000000ef880000,0x00000000f1700000)
  from space 4608K, 99% used [0x00000000f1f00000,0x00000000f2378020,0x00000000f2380000)
  to   space 8192K, 0% used [0x00000000f1700000,0x00000000f1700000,0x00000000f1f00000)
 ParOldGen       total 24576K, used 24338K [0x00000000cea00000, 0x00000000d0200000, 0x00000000ef880000)
  object space 24576K, 99% used [0x00000000cea00000,0x00000000d01c48a0,0x00000000d0200000)
 PSPermGen       total 32768K, used 19981K [0x00000000b6a00000, 0x00000000b8a00000, 0x00000000cea00000)
  object space 32768K, 60% used [0x00000000b6a00000,0x00000000b7d834f0,0x00000000b8a00000)
Event: 17.042 GC heap after
Heap after GC invocations=25 (full 1):
 PSYoungGen      total 35840K, used 0K [0x00000000ef880000, 0x00000000f2a80000, 0x0000000100000000)
  eden space 31232K, 0% used [0x00000000ef880000,0x00000000ef880000,0x00000000f1700000)
  from space 4608K, 0% used [0x00000000f1f00000,0x00000000f1f00000,0x00000000f2380000)
  to   space 8192K, 0% used [0x00000000f1700000,0x00000000f1700000,0x00000000f1f00000)
 ParOldGen       total 37376K, used 20462K [0x00000000cea00000, 0x00000000d0e80000, 0x00000000ef880000)
  object space 37376K, 54% used [0x00000000cea00000,0x00000000cfdfba88,0x00000000d0e80000)
 PSPermGen       total 40448K, used 19974K [0x00000000b6a00000, 0x00000000b9180000, 0x00000000cea00000)
  object space 40448K, 49% used [0x00000000b6a00000,0x00000000b7d81b20,0x00000000b9180000)
}
Event: 17.113 GC heap before
{Heap before GC invocations=26 (full 1):
 PSYoungGen      total 35840K, used 31232K [0x00000000ef880000, 0x00000000f2a80000, 0x0000000100000000)
  eden space 31232K, 100% used [0x00000000ef880000,0x00000000f1700000,0x00000000f1700000)
  from space 4608K, 0% used [0x00000000f1f00000,0x00000000f1f00000,0x00000000f2380000)
  to   space 8192K, 0% used [0x00000000f1700000,0x00000000f1700000,0x00000000f1f00000)
 ParOldGen       total 37376K, used 20462K [0x00000000cea00000, 0x00000000d0e80000, 0x00000000ef880000)
  object space 37376K, 54% used [0x00000000cea00000,0x00000000cfdfba88,0x00000000d0e80000)
 PSPermGen       total 40448K, used 19978K [0x00000000b6a00000, 0x00000000b9180000, 0x00000000cea00000)
  object space 40448K, 49% used [0x00000000b6a00000,0x00000000b7d82ac0,0x00000000b9180000)
Event: 17.114 GC heap after
Heap after GC invocations=26 (full 1):
 PSYoungGen      total 39424K, used 96K [0x00000000ef880000, 0x00000000f2d80000, 0x0000000100000000)
  eden space 31232K, 0% used [0x00000000ef880000,0x00000000ef880000,0x00000000f1700000)
  from space 8192K, 1% used [0x00000000f1700000,0x00000000f1718000,0x00000000f1f00000)
  to   space 8192K, 0% used [0x00000000f2580000,0x00000000f2580000,0x00000000f2d80000)
 ParOldGen       total 37376K, used 20462K [0x00000000cea00000, 0x00000000d0e80000, 0x00000000ef880000)
  object space 37376K, 54% used [0x00000000cea00000,0x00000000cfdfba88,0x00000000d0e80000)
 PSPermGen       total 40448K, used 19978K [0x00000000b6a00000, 0x00000000b9180000, 0x00000000cea00000)
  object space 40448K, 49% used [0x00000000b6a00000,0x00000000b7d82ac0,0x00000000b9180000)
}
Event: 17.318 GC heap before
{Heap before GC invocations=27 (full 1):
 PSYoungGen      total 39424K, used 31328K [0x00000000ef880000, 0x00000000f2d80000, 0x0000000100000000)
  eden space 31232K, 100% used [0x00000000ef880000,0x00000000f1700000,0x00000000f1700000)
  from space 8192K, 1% used [0x00000000f1700000,0x00000000f1718000,0x00000000f1f00000)
  to   space 8192K, 0% used [0x00000000f2580000,0x00000000f2580000,0x00000000f2d80000)
 ParOldGen       total 37376K, used 20462K [0x00000000cea00000, 0x00000000d0e80000, 0x00000000ef880000)
  object space 37376K, 54% used [0x00000000cea00000,0x00000000cfdfba88,0x00000000d0e80000)
 PSPermGen       total 40448K, used 19999K [0x00000000b6a00000, 0x00000000b9180000, 0x00000000cea00000)
  object space 40448K, 49% used [0x00000000b6a00000,0x00000000b7d87c20,0x00000000b9180000)
Event: 17.321 GC heap after
Heap after GC invocations=27 (full 1):
 PSYoungGen      total 45056K, used 1782K [0x00000000ef880000, 0x00000000f2c80000, 0x0000000100000000)
  eden space 37888K, 0% used [0x00000000ef880000,0x00000000ef880000,0x00000000f1d80000)
  from space 7168K, 24% used [0x00000000f2580000,0x00000000f273d8f8,0x00000000f2c80000)
  to   space 7680K, 0% used [0x00000000f1d80000,0x00000000f1d80000,0x00000000f2500000)
 ParOldGen       total 37376K, used 20534K [0x00000000cea00000, 0x00000000d0e80000, 0x00000000ef880000)
  object space 37376K, 54% used [0x00000000cea00000,0x00000000cfe0da88,0x00000000d0e80000)
 PSPermGen       total 40448K, used 19999K [0x00000000b6a00000, 0x00000000b9180000, 0x00000000cea00000)
  object space 40448K, 49% used [0x00000000b6a00000,0x00000000b7d87c20,0x00000000b9180000)
}
Event: 18.499 GC heap before
{Heap before GC invocations=28 (full 1):
 PSYoungGen      total 45056K, used 39670K [0x00000000ef880000, 0x00000000f2c80000, 0x0000000100000000)
  eden space 37888K, 100% used [0x00000000ef880000,0x00000000f1d80000,0x00000000f1d80000)
  from space 7168K, 24% used [0x00000000f2580000,0x00000000f273d8f8,0x00000000f2c80000)
  to   space 7680K, 0% used [0x00000000f1d80000,0x00000000f1d80000,0x00000000f2500000)
 ParOldGen       total 37376K, used 20534K [0x00000000cea00000, 0x00000000d0e80000, 0x00000000ef880000)
  object space 37376K, 54% used [0x00000000cea00000,0x00000000cfe0da88,0x00000000d0e80000)
 PSPermGen       total 40448K, used 20116K [0x00000000b6a00000, 0x00000000b9180000, 0x00000000cea00000)
  object space 40448K, 49% used [0x00000000b6a00000,0x00000000b7da5008,0x00000000b9180000)
Event: 18.508 GC heap after
Heap after GC invocations=28 (full 1):
 PSYoungGen      total 45568K, used 1651K [0x00000000ef880000, 0x00000000f3300000, 0x0000000100000000)
  eden space 37888K, 0% used [0x00000000ef880000,0x00000000ef880000,0x00000000f1d80000)
  from space 7680K, 21% used [0x00000000f1d80000,0x00000000f1f1ccc0,0x00000000f2500000)
  to   space 7168K, 0% used [0x00000000f2c00000,0x00000000f2c00000,0x00000000f3300000)
 ParOldGen       total 37376K, used 22252K [0x00000000cea00000, 0x00000000d0e80000, 0x00000000ef880000)
  object space 37376K, 59% used [0x00000000cea00000,0x00000000cffbb380,0x00000000d0e80000)
 PSPermGen       total 40448K, used 20116K [0x00000000b6a00000, 0x00000000b9180000, 0x00000000cea00000)
  object space 40448K, 49% used [0x00000000b6a00000,0x00000000b7da5008,0x00000000b9180000)
}
Event: 19.326 GC heap before
{Heap before GC invocations=29 (full 1):
 PSYoungGen      total 45568K, used 39539K [0x00000000ef880000, 0x00000000f3300000, 0x0000000100000000)
  eden space 37888K, 100% used [0x00000000ef880000,0x00000000f1d80000,0x00000000f1d80000)
  from space 7680K, 21% used [0x00000000f1d80000,0x00000000f1f1ccc0,0x00000000f2500000)
  to   space 7168K, 0% used [0x00000000f2c00000,0x00000000f2c00000,0x00000000f3300000)
 ParOldGen       total 37376K, used 22252K [0x00000000cea00000, 0x00000000d0e80000, 0x00000000ef880000)
  object space 37376K, 59% used [0x00000000cea00000,0x00000000cffbb380,0x00000000d0e80000)
 PSPermGen       total 40448K, used 20122K [0x00000000b6a00000, 0x00000000b9180000, 0x00000000cea00000)
  object space 40448K, 49% used [0x00000000b6a00000,0x00000000b7da6aa0,0x00000000b9180000)
Event: 19.330 GC heap after
Heap after GC invocations=29 (full 1):
 PSYoungGen      total 51712K, used 96K [0x00000000ef880000, 0x00000000f3280000, 0x0000000100000000)
  eden space 45056K, 0% used [0x00000000ef880000,0x00000000ef880000,0x00000000f2480000)
  from space 6656K, 1% used [0x00000000f2c00000,0x00000000f2c18000,0x00000000f3280000)
  to   space 7168K, 0% used [0x00000000f2480000,0x00000000f2480000,0x00000000f2b80000)
 ParOldGen       total 37376K, used 23772K [0x00000000cea00000, 0x00000000d0e80000, 0x00000000ef880000)
  object space 37376K, 63% used [0x00000000cea00000,0x00000000d0137060,0x00000000d0e80000)
 PSPermGen       total 40448K, used 20122K [0x00000000b6a00000, 0x00000000b9180000, 0x00000000cea00000)
  object space 40448K, 49% used [0x00000000b6a00000,0x00000000b7da6aa0,0x00000000b9180000)
}

