# JRE version: OpenJDK Runtime Environment (7.0_85-b01) (build 1.7.0_85-b01)
# Java VM: OpenJDK 64-Bit Server VM (24.85-b03 mixed mode linux-amd64 compressed oops)
Heap
 PSYoungGen      total 245248K, used 137932K [0x00000000ef880000, 0x0000000100000000, 0x0000000100000000)
  eden space 223744K, 61% used [0x00000000ef880000,0x00000000f7f333e0,0x00000000fd300000)
  from space 21504K, 0% used [0x00000000feb00000,0x00000000feb00000,0x0000000100000000)
  to   space 23040K, 0% used [0x00000000fd300000,0x00000000fd300000,0x00000000fe980000)
 ParOldGen       total 99328K, used 60500K [0x00000000cea00000, 0x00000000d4b00000, 0x00000000ef880000)
  object space 99328K, 60% used [0x00000000cea00000,0x00000000d25150a8,0x00000000d4b00000)
 PSPermGen       total 122880K, used 73530K [0x00000000b6a00000, 0x00000000be200000, 0x00000000cea00000)
  object space 122880K, 59% used [0x00000000b6a00000,0x00000000bb1ceb48,0x00000000be200000)
GC Heap History (10 events):
Event: 17.094 GC heap before
{Heap before GC invocations=13 (full 1):
 PSYoungGen      total 243200K, used 237582K [0x00000000ef880000, 0x0000000100000000, 0x0000000100000000)
  eden space 229376K, 100% used [0x00000000ef880000,0x00000000fd880000,0x00000000fd880000)
  from space 13824K, 59% used [0x00000000fd880000,0x00000000fe083870,0x00000000fe600000)
  to   space 13824K, 0% used [0x00000000ff280000,0x00000000ff280000,0x0000000100000000)
 ParOldGen       total 54784K, used 32039K [0x00000000cea00000, 0x00000000d1f80000, 0x00000000ef880000)
  object space 54784K, 58% used [0x00000000cea00000,0x00000000d0949d60,0x00000000d1f80000)
 PSPermGen       total 93184K, used 59757K [0x00000000b6a00000, 0x00000000bc500000, 0x00000000cea00000)
  object space 93184K, 64% used [0x00000000b6a00000,0x00000000ba45b5f8,0x00000000bc500000)
Event: 17.155 GC heap after
Heap after GC invocations=13 (full 1):
 PSYoungGen      total 242688K, used 13821K [0x00000000ef880000, 0x0000000100000000, 0x0000000100000000)
  eden space 228864K, 0% used [0x00000000ef880000,0x00000000ef880000,0x00000000fd800000)
  from space 13824K, 99% used [0x00000000ff280000,0x00000000fffff4b0,0x0000000100000000)
  to   space 20480K, 0% used [0x00000000fd800000,0x00000000fd800000,0x00000000fec00000)
 ParOldGen       total 54784K, used 44002K [0x00000000cea00000, 0x00000000d1f80000, 0x00000000ef880000)
  object space 54784K, 80% used [0x00000000cea00000,0x00000000d14f88e8,0x00000000d1f80000)
 PSPermGen       total 93184K, used 59757K [0x00000000b6a00000, 0x00000000bc500000, 0x00000000cea00000)
  object space 93184K, 64% used [0x00000000b6a00000,0x00000000ba45b5f8,0x00000000bc500000)
}
Event: 17.155 GC heap before
{Heap before GC invocations=14 (full 2):
 PSYoungGen      total 242688K, used 13821K [0x00000000ef880000, 0x0000000100000000, 0x0000000100000000)
  eden space 228864K, 0% used [0x00000000ef880000,0x00000000ef880000,0x00000000fd800000)
  from space 13824K, 99% used [0x00000000ff280000,0x00000000fffff4b0,0x0000000100000000)
  to   space 20480K, 0% used [0x00000000fd800000,0x00000000fd800000,0x00000000fec00000)
 ParOldGen       total 54784K, used 44002K [0x00000000cea00000, 0x00000000d1f80000, 0x00000000ef880000)
  object space 54784K, 80% used [0x00000000cea00000,0x00000000d14f88e8,0x00000000d1f80000)
 PSPermGen       total 93184K, used 59757K [0x00000000b6a00000, 0x00000000bc500000, 0x00000000cea00000)
  object space 93184K, 64% used [0x00000000b6a00000,0x00000000ba45b5f8,0x00000000bc500000)
Event: 17.459 GC heap after
Heap after GC invocations=14 (full 2):
 PSYoungGen      total 242688K, used 0K [0x00000000ef880000, 0x0000000100000000, 0x0000000100000000)
  eden space 228864K, 0% used [0x00000000ef880000,0x00000000ef880000,0x00000000fd800000)
  from space 13824K, 0% used [0x00000000ff280000,0x00000000ff280000,0x0000000100000000)
  to   space 20480K, 0% used [0x00000000fd800000,0x00000000fd800000,0x00000000fec00000)
 ParOldGen       total 77824K, used 47648K [0x00000000cea00000, 0x00000000d3600000, 0x00000000ef880000)
  object space 77824K, 61% used [0x00000000cea00000,0x00000000d18880f8,0x00000000d3600000)
 PSPermGen       total 114688K, used 59747K [0x00000000b6a00000, 0x00000000bda00000, 0x00000000cea00000)
  object space 114688K, 52% used [0x00000000b6a00000,0x00000000ba458c18,0x00000000bda00000)
}
Event: 21.526 GC heap before
{Heap before GC invocations=15 (full 2):
 PSYoungGen      total 242688K, used 228864K [0x00000000ef880000, 0x0000000100000000, 0x0000000100000000)
  eden space 228864K, 100% used [0x00000000ef880000,0x00000000fd800000,0x00000000fd800000)
  from space 13824K, 0% used [0x00000000ff280000,0x00000000ff280000,0x0000000100000000)
  to   space 20480K, 0% used [0x00000000fd800000,0x00000000fd800000,0x00000000fec00000)
 ParOldGen       total 77824K, used 47648K [0x00000000cea00000, 0x00000000d3600000, 0x00000000ef880000)
  object space 77824K, 61% used [0x00000000cea00000,0x00000000d18880f8,0x00000000d3600000)
 PSPermGen       total 114688K, used 69181K [0x00000000b6a00000, 0x00000000bda00000, 0x00000000cea00000)
  object space 114688K, 60% used [0x00000000b6a00000,0x00000000bad8f6f8,0x00000000bda00000)
Event: 21.553 GC heap after
Heap after GC invocations=15 (full 2):
 PSYoungGen      total 248320K, used 19377K [0x00000000ef880000, 0x0000000100000000, 0x0000000100000000)
  eden space 228864K, 0% used [0x00000000ef880000,0x00000000ef880000,0x00000000fd800000)
  from space 19456K, 99% used [0x00000000fd800000,0x00000000feaec578,0x00000000feb00000)
  to   space 21504K, 0% used [0x00000000feb00000,0x00000000feb00000,0x0000000100000000)
 ParOldGen       total 77824K, used 47648K [0x00000000cea00000, 0x00000000d3600000, 0x00000000ef880000)
  object space 77824K, 61% used [0x00000000cea00000,0x00000000d18880f8,0x00000000d3600000)
 PSPermGen       total 114688K, used 69181K [0x00000000b6a00000, 0x00000000bda00000, 0x00000000cea00000)
  object space 114688K, 60% used [0x00000000b6a00000,0x00000000bad8f6f8,0x00000000bda00000)
}
Event: 22.496 GC heap before
{Heap before GC invocations=16 (full 2):
 PSYoungGen      total 248320K, used 248241K [0x00000000ef880000, 0x0000000100000000, 0x0000000100000000)
  eden space 228864K, 100% used [0x00000000ef880000,0x00000000fd800000,0x00000000fd800000)
  from space 19456K, 99% used [0x00000000fd800000,0x00000000feaec578,0x00000000feb00000)
  to   space 21504K, 0% used [0x00000000feb00000,0x00000000feb00000,0x0000000100000000)
 ParOldGen       total 77824K, used 47648K [0x00000000cea00000, 0x00000000d3600000, 0x00000000ef880000)
  object space 77824K, 61% used [0x00000000cea00000,0x00000000d18880f8,0x00000000d3600000)
 PSPermGen       total 114688K, used 69361K [0x00000000b6a00000, 0x00000000bda00000, 0x00000000cea00000)
  object space 114688K, 60% used [0x00000000b6a00000,0x00000000badbc750,0x00000000bda00000)
Event: 22.534 GC heap after
Heap after GC invocations=16 (full 2):
 PSYoungGen      total 245248K, used 12885K [0x00000000ef880000, 0x0000000100000000, 0x0000000100000000)
  eden space 223744K, 0% used [0x00000000ef880000,0x00000000ef880000,0x00000000fd300000)
  from space 21504K, 59% used [0x00000000feb00000,0x00000000ff795760,0x0000000100000000)
  to   space 23040K, 0% used [0x00000000fd300000,0x00000000fd300000,0x00000000fe980000)
 ParOldGen       total 77824K, used 66017K [0x00000000cea00000, 0x00000000d3600000, 0x00000000ef880000)
  object space 77824K, 84% used [0x00000000cea00000,0x00000000d2a787e8,0x00000000d3600000)
 PSPermGen       total 114688K, used 69361K [0x00000000b6a00000, 0x00000000bda00000, 0x00000000cea00000)
  object space 114688K, 60% used [0x00000000b6a00000,0x00000000badbc750,0x00000000bda00000)
}
Event: 22.534 GC heap before
{Heap before GC invocations=17 (full 3):
 PSYoungGen      total 245248K, used 12885K [0x00000000ef880000, 0x0000000100000000, 0x0000000100000000)
  eden space 223744K, 0% used [0x00000000ef880000,0x00000000ef880000,0x00000000fd300000)
  from space 21504K, 59% used [0x00000000feb00000,0x00000000ff795760,0x0000000100000000)
  to   space 23040K, 0% used [0x00000000fd300000,0x00000000fd300000,0x00000000fe980000)
 ParOldGen       total 77824K, used 66017K [0x00000000cea00000, 0x00000000d3600000, 0x00000000ef880000)
  object space 77824K, 84% used [0x00000000cea00000,0x00000000d2a787e8,0x00000000d3600000)
 PSPermGen       total 114688K, used 69361K [0x00000000b6a00000, 0x00000000bda00000, 0x00000000cea00000)
  object space 114688K, 60% used [0x00000000b6a00000,0x00000000badbc750,0x00000000bda00000)
Event: 23.010 GC heap after
Heap after GC invocations=17 (full 3):
 PSYoungGen      total 245248K, used 0K [0x00000000ef880000, 0x0000000100000000, 0x0000000100000000)
  eden space 223744K, 0% used [0x00000000ef880000,0x00000000ef880000,0x00000000fd300000)
  from space 21504K, 0% used [0x00000000feb00000,0x00000000feb00000,0x0000000100000000)
  to   space 23040K, 0% used [0x00000000fd300000,0x00000000fd300000,0x00000000fe980000)
 ParOldGen       total 99328K, used 60500K [0x00000000cea00000, 0x00000000d4b00000, 0x00000000ef880000)
  object space 99328K, 60% used [0x00000000cea00000,0x00000000d25150a8,0x00000000d4b00000)
 PSPermGen       total 122880K, used 69355K [0x00000000b6a00000, 0x00000000be200000, 0x00000000cea00000)
  object space 122880K, 56% used [0x00000000b6a00000,0x00000000badbad00,0x00000000be200000)
}

